Build started 11.04.2016 19:26:21.
     1>Project "H:\Projects\smt\Shadow Mapping Tutorial\Shadow Mapping.vcxproj" on node 2 (Build target(s)).
     1>ClCompile:
         H:\Programming\Visual Studio 2015\VC\bin\CL.exe /c /I"H:\Projects\GL Files\GL Files\lib" /I"H:\Projects\GL Files\GL Files\include" /ZI /nologo /W3 /WX- /Od /Oy- /D WIN32 /D _DEBUG /D _CONSOLE /D _CRT_SECURE_NO_DEPRECATE /D _VC80_UPGRADE=0x0600 /D _MBCS /Gm /EHsc /RTC1 /MTd /GS /fp:precise /Zc:wchar_t /Zc:forScope /Zc:inline /Fo".\Debug/" /Fd".\Debug/vc140.pdb" /Gd /TP /analyze- /errorReport:prompt main.cpp
         main.cpp
       Link:
         H:\Programming\Visual Studio 2015\VC\bin\link.exe /ERRORREPORT:PROMPT /OUT:".\Debug/Shadow Mapping.exe" /INCREMENTAL /NOLOGO /LIBPATH:"H:\Projects\GL Files\GL Files\lib" kernel32.lib user32.lib gdi32.lib winspool.lib comdlg32.lib advapi32.lib shell32.lib ole32.lib oleaut32.lib uuid.lib odbc32.lib odbccp32.lib /MANIFEST /MANIFESTUAC:"level='asInvoker' uiAccess='false'" /manifest:embed /Debug /PDB:".\Debug/Shadow Mapping.pdb" /SUBSYSTEM:CONSOLE /TLBID:1 /DYNAMICBASE /NXCOMPAT /IMPLIB:".\Debug\Shadow Mapping.lib" /MACHINE:X86 /SAFESEH .\Debug/FPS_COUNTER.obj
         .\Debug/GLee.obj
         .\Debug/main.obj
         .\Debug/COLOR.obj
         .\Debug/MATRIX4X4.obj
         .\Debug/PLANE.obj
         .\Debug/VECTOR2D.obj
         .\Debug/VECTOR3D.obj
         .\Debug/VECTOR4D.obj
         .\Debug/scene.obj
         .\Debug/TIMER.obj
         Shadow Mapping.vcxproj -> H:\Projects\smt\Shadow Mapping Tutorial\.\Debug\Shadow Mapping.exe
     1>Done Building Project "H:\Projects\smt\Shadow Mapping Tutorial\Shadow Mapping.vcxproj" (Build target(s)).

Build succeeded.

Time Elapsed 00:00:01.19
